[debug] [2024-10-25T06:06:08.395Z] ----------------------------------------------------------------------
[debug] [2024-10-25T06:06:08.400Z] Command:       C:\Program Files\nodejs\node.exe C:\Users\harsh\AppData\Roaming\npm\node_modules\firebase-tools\lib\bin\firebase.js init
[debug] [2024-10-25T06:06:08.400Z] CLI Version:   13.23.0
[debug] [2024-10-25T06:06:08.401Z] Platform:      win32
[debug] [2024-10-25T06:06:08.401Z] Node Version:  v20.18.0
[debug] [2024-10-25T06:06:08.401Z] Time:          Fri Oct 25 2024 11:36:08 GMT+0530 (India Standard Time)
[debug] [2024-10-25T06:06:08.401Z] ----------------------------------------------------------------------
[debug] 
[debug] [2024-10-25T06:06:08.406Z] >>> [apiv2][query] GET https://firebase-public.firebaseio.com/cli.json [none]
[debug] [2024-10-25T06:06:08.498Z] > command requires scopes: ["email","openid","https://www.googleapis.com/auth/cloudplatformprojects.readonly","https://www.googleapis.com/auth/firebase","https://www.googleapis.com/auth/cloud-platform"]
[debug] [2024-10-25T06:06:08.499Z] > authorizing via signed-in user (harsha@nagu.co)
[info] 
     ######## #### ########  ######## ########     ###     ######  ########
     ##        ##  ##     ## ##       ##     ##  ##   ##  ##       ##
     ######    ##  ########  ######   ########  #########  ######  ######
     ##        ##  ##    ##  ##       ##     ## ##     ##       ## ##
     ##       #### ##     ## ######## ########  ##     ##  ######  ########

You're about to initialize a Firebase project in this directory:

  C:\Users\harsh\OneDrive\Desktop\UIxSHUVO

[debug] [2024-10-25T06:06:09.186Z] <<< [apiv2][status] GET https://firebase-public.firebaseio.com/cli.json 200
[debug] [2024-10-25T06:06:09.187Z] <<< [apiv2][body] GET https://firebase-public.firebaseio.com/cli.json {"cloudBuildErrorAfter":1594252800000,"cloudBuildWarnAfter":1590019200000,"defaultNode10After":1594252800000,"minVersion":"3.0.5","node8DeploysDisabledAfter":1613390400000,"node8RuntimeDisabledAfter":1615809600000,"node8WarnAfter":1600128000000}
[info] 
=== Project Setup
[info] 
[info] First, let's associate this project directory with a Firebase project.
[info] You can create multiple project aliases by running firebase use --add, 
[info] but for now we'll just set up a default project.
[info] 
[debug] [2024-10-25T06:06:25.119Z] Checked if tokens are valid: false, expires at: 1728377251185
[debug] [2024-10-25T06:06:25.120Z] Checked if tokens are valid: false, expires at: 1728377251185
[debug] [2024-10-25T06:06:25.120Z] > refreshing access token with scopes: []
[debug] [2024-10-25T06:06:25.122Z] >>> [apiv2][query] POST https://www.googleapis.com/oauth2/v3/token [none]
[debug] [2024-10-25T06:06:25.122Z] >>> [apiv2][body] POST https://www.googleapis.com/oauth2/v3/token [omitted]
[debug] [2024-10-25T06:06:25.342Z] <<< [apiv2][status] POST https://www.googleapis.com/oauth2/v3/token 400
[debug] [2024-10-25T06:06:25.342Z] <<< [apiv2][body] POST https://www.googleapis.com/oauth2/v3/token [omitted]
[debug] [2024-10-25T06:06:25.343Z] Authentication Error: Your credentials are no longer valid. Please run firebase login --reauth

For CI servers and headless environments, generate a new token with firebase login:ci
[debug] [2024-10-25T06:06:25.591Z] FirebaseError: Authentication Error: Your credentials are no longer valid. Please run firebase login --reauth

For CI servers and headless environments, generate a new token with firebase login:ci
    at invalidCredentialError (C:\Users\harsh\AppData\Roaming\npm\node_modules\firebase-tools\lib\auth.js:141:12)
    at refreshTokens (C:\Users\harsh\AppData\Roaming\npm\node_modules\firebase-tools\lib\auth.js:527:15)
    at process.processTicksAndRejections (node:internal/process/task_queues:95:5)
    at async getAccessToken (C:\Users\harsh\AppData\Roaming\npm\node_modules\firebase-tools\lib\apiv2.js:42:18)
    at async Client.addAuthHeader (C:\Users\harsh\AppData\Roaming\npm\node_modules\firebase-tools\lib\apiv2.js:169:21)
    at async Client.request (C:\Users\harsh\AppData\Roaming\npm\node_modules\firebase-tools\lib\apiv2.js:120:34)
    at async getProjectPage (C:\Users\harsh\AppData\Roaming\npm\node_modules\firebase-tools\lib\management\projects.js:238:17)
    at async getFirebaseProjectPage (C:\Users\harsh\AppData\Roaming\npm\node_modules\firebase-tools\lib\management\projects.js:255:23)
    at async selectProjectInteractively (C:\Users\harsh\AppData\Roaming\npm\node_modules\firebase-tools\lib\management\projects.js:94:41)
    at async doSetup (C:\Users\harsh\AppData\Roaming\npm\node_modules\firebase-tools\lib\init\features\project.js:88:27)
[error] 
[error] Error: Failed to list Firebase projects. See firebase-debug.log for more info.
[debug] [2024-10-25T06:07:00.279Z] ----------------------------------------------------------------------
[debug] [2024-10-25T06:07:00.284Z] Command:       C:\Program Files\nodejs\node.exe C:\Users\harsh\AppData\Roaming\npm\node_modules\firebase-tools\lib\bin\firebase.js init
[debug] [2024-10-25T06:07:00.285Z] CLI Version:   13.23.0
[debug] [2024-10-25T06:07:00.285Z] Platform:      win32
[debug] [2024-10-25T06:07:00.285Z] Node Version:  v20.18.0
[debug] [2024-10-25T06:07:00.285Z] Time:          Fri Oct 25 2024 11:37:00 GMT+0530 (India Standard Time)
[debug] [2024-10-25T06:07:00.285Z] ----------------------------------------------------------------------
[debug] 
[debug] [2024-10-25T06:07:00.296Z] > command requires scopes: ["email","openid","https://www.googleapis.com/auth/cloudplatformprojects.readonly","https://www.googleapis.com/auth/firebase","https://www.googleapis.com/auth/cloud-platform"]
[debug] [2024-10-25T06:07:00.297Z] > authorizing via signed-in user (harsha@nagu.co)
[info] 
     ######## #### ########  ######## ########     ###     ######  ########
     ##        ##  ##     ## ##       ##     ##  ##   ##  ##       ##
     ######    ##  ########  ######   ########  #########  ######  ######
     ##        ##  ##    ##  ##       ##     ## ##     ##       ## ##
     ##       #### ##     ## ######## ########  ##     ##  ######  ########

You're about to initialize a Firebase project in this directory:

  C:\Users\harsh\OneDrive\Desktop\UIxSHUVO

[info] 
=== Project Setup
[info] 
[info] First, let's associate this project directory with a Firebase project.
[info] You can create multiple project aliases by running firebase use --add, 
[info] but for now we'll just set up a default project.
[info] 
[debug] [2024-10-25T06:07:15.264Z] Checked if tokens are valid: false, expires at: 1728377251185
[debug] [2024-10-25T06:07:15.264Z] Checked if tokens are valid: false, expires at: 1728377251185
[debug] [2024-10-25T06:07:15.265Z] > refreshing access token with scopes: []
[debug] [2024-10-25T06:07:15.270Z] >>> [apiv2][query] POST https://www.googleapis.com/oauth2/v3/token [none]
[debug] [2024-10-25T06:07:15.271Z] >>> [apiv2][body] POST https://www.googleapis.com/oauth2/v3/token [omitted]
[debug] [2024-10-25T06:07:15.628Z] <<< [apiv2][status] POST https://www.googleapis.com/oauth2/v3/token 400
[debug] [2024-10-25T06:07:15.629Z] <<< [apiv2][body] POST https://www.googleapis.com/oauth2/v3/token [omitted]
[debug] [2024-10-25T06:07:15.629Z] Authentication Error: Your credentials are no longer valid. Please run firebase login --reauth

For CI servers and headless environments, generate a new token with firebase login:ci
[debug] [2024-10-25T06:07:15.920Z] FirebaseError: Authentication Error: Your credentials are no longer valid. Please run firebase login --reauth

For CI servers and headless environments, generate a new token with firebase login:ci
    at invalidCredentialError (C:\Users\harsh\AppData\Roaming\npm\node_modules\firebase-tools\lib\auth.js:141:12)
    at refreshTokens (C:\Users\harsh\AppData\Roaming\npm\node_modules\firebase-tools\lib\auth.js:527:15)
    at process.processTicksAndRejections (node:internal/process/task_queues:95:5)
    at async getAccessToken (C:\Users\harsh\AppData\Roaming\npm\node_modules\firebase-tools\lib\apiv2.js:42:18)
    at async Client.addAuthHeader (C:\Users\harsh\AppData\Roaming\npm\node_modules\firebase-tools\lib\apiv2.js:169:21)
    at async Client.request (C:\Users\harsh\AppData\Roaming\npm\node_modules\firebase-tools\lib\apiv2.js:120:34)
    at async getProjectPage (C:\Users\harsh\AppData\Roaming\npm\node_modules\firebase-tools\lib\management\projects.js:238:17)
    at async getFirebaseProjectPage (C:\Users\harsh\AppData\Roaming\npm\node_modules\firebase-tools\lib\management\projects.js:255:23)
    at async selectProjectInteractively (C:\Users\harsh\AppData\Roaming\npm\node_modules\firebase-tools\lib\management\projects.js:94:41)
    at async doSetup (C:\Users\harsh\AppData\Roaming\npm\node_modules\firebase-tools\lib\init\features\project.js:88:27)
[error] 
[error] Error: Failed to list Firebase projects. See firebase-debug.log for more info.
[debug] [2024-10-25T06:08:15.658Z] ----------------------------------------------------------------------
[debug] [2024-10-25T06:08:15.663Z] Command:       C:\Program Files\nodejs\node.exe C:\Users\harsh\AppData\Roaming\npm\node_modules\firebase-tools\lib\bin\firebase.js projects:list
[debug] [2024-10-25T06:08:15.664Z] CLI Version:   13.23.0
[debug] [2024-10-25T06:08:15.664Z] Platform:      win32
[debug] [2024-10-25T06:08:15.664Z] Node Version:  v20.18.0
[debug] [2024-10-25T06:08:15.664Z] Time:          Fri Oct 25 2024 11:38:15 GMT+0530 (India Standard Time)
[debug] [2024-10-25T06:08:15.665Z] ----------------------------------------------------------------------
[debug] 
[debug] [2024-10-25T06:08:15.674Z] > command requires scopes: ["email","openid","https://www.googleapis.com/auth/cloudplatformprojects.readonly","https://www.googleapis.com/auth/firebase","https://www.googleapis.com/auth/cloud-platform"]
[debug] [2024-10-25T06:08:15.675Z] > authorizing via signed-in user (harsha@nagu.co)
[debug] [2024-10-25T06:08:15.681Z] Checked if tokens are valid: false, expires at: 1728377251185
[debug] [2024-10-25T06:08:15.682Z] Checked if tokens are valid: false, expires at: 1728377251185
[debug] [2024-10-25T06:08:15.682Z] > refreshing access token with scopes: []
[debug] [2024-10-25T06:08:15.684Z] >>> [apiv2][query] POST https://www.googleapis.com/oauth2/v3/token [none]
[debug] [2024-10-25T06:08:15.685Z] >>> [apiv2][body] POST https://www.googleapis.com/oauth2/v3/token [omitted]
[debug] [2024-10-25T06:08:16.060Z] <<< [apiv2][status] POST https://www.googleapis.com/oauth2/v3/token 400
[debug] [2024-10-25T06:08:16.061Z] <<< [apiv2][body] POST https://www.googleapis.com/oauth2/v3/token [omitted]
[debug] [2024-10-25T06:08:16.061Z] Authentication Error: Your credentials are no longer valid. Please run firebase login --reauth

For CI servers and headless environments, generate a new token with firebase login:ci
[debug] [2024-10-25T06:08:16.344Z] FirebaseError: Authentication Error: Your credentials are no longer valid. Please run firebase login --reauth

For CI servers and headless environments, generate a new token with firebase login:ci
    at invalidCredentialError (C:\Users\harsh\AppData\Roaming\npm\node_modules\firebase-tools\lib\auth.js:141:12)
    at refreshTokens (C:\Users\harsh\AppData\Roaming\npm\node_modules\firebase-tools\lib\auth.js:527:15)
    at process.processTicksAndRejections (node:internal/process/task_queues:95:5)
    at async getAccessToken (C:\Users\harsh\AppData\Roaming\npm\node_modules\firebase-tools\lib\apiv2.js:42:18)
    at async Client.addAuthHeader (C:\Users\harsh\AppData\Roaming\npm\node_modules\firebase-tools\lib\apiv2.js:169:21)
    at async Client.request (C:\Users\harsh\AppData\Roaming\npm\node_modules\firebase-tools\lib\apiv2.js:120:34)
    at async getProjectPage (C:\Users\harsh\AppData\Roaming\npm\node_modules\firebase-tools\lib\management\projects.js:238:17)
    at async getFirebaseProjectPage (C:\Users\harsh\AppData\Roaming\npm\node_modules\firebase-tools\lib\management\projects.js:255:23)
    at async listFirebaseProjects (C:\Users\harsh\AppData\Roaming\npm\node_modules\firebase-tools\lib\management\projects.js:286:29)
    at async Command.actionFn (C:\Users\harsh\AppData\Roaming\npm\node_modules\firebase-tools\lib\commands\projects-list.js:51:20)
[error] 
[error] Error: Failed to list Firebase projects. See firebase-debug.log for more info.
